29-10-2022 21:47:40:067 udp_client [INFO] : inicio client
29-10-2022 21:47:40:079 udp_client [TRACE] : [1] Query for key k1 at localhost:5836
29-10-2022 21:47:40:079 udp_client [INFO] : inici RemoteMapUDPclient.get 
29-10-2022 21:47:40:079 udp_client [TRACE] : key: k1
29-10-2022 21:47:40:079 udp_client [TRACE] : server_address: localhost
29-10-2022 21:47:40:079 udp_client [TRACE] : server_port: 5836
29-10-2022 21:47:40:079 udp_client [TRACE] : [1] RemoteMap(k1): null
29-10-2022 21:47:40:079 udp_client [TRACE] : [2] Query for key k2 at localhost:5838
29-10-2022 21:47:40:079 udp_client [INFO] : inici RemoteMapUDPclient.get 
29-10-2022 21:47:40:079 udp_client [TRACE] : key: k2
29-10-2022 21:47:40:079 udp_client [TRACE] : server_address: localhost
29-10-2022 21:47:40:079 udp_client [TRACE] : server_port: 5838
29-10-2022 21:47:40:079 udp_client [TRACE] : [2] RemoteMap(k2): null
29-10-2022 21:47:40:079 udp_client [TRACE] : [3] Query for key k3 at localhost:5836
29-10-2022 21:47:40:079 udp_client [INFO] : inici RemoteMapUDPclient.get 
29-10-2022 21:47:40:080 udp_client [TRACE] : key: k3
29-10-2022 21:47:40:080 udp_client [TRACE] : server_address: localhost
29-10-2022 21:47:40:080 udp_client [TRACE] : server_port: 5836
29-10-2022 21:47:40:080 udp_client [TRACE] : [3] RemoteMap(k3): null
29-10-2022 21:47:40:080 udp_client [TRACE] : [4] Query for key k4 at localhost:5836
29-10-2022 21:47:40:080 udp_client [INFO] : inici RemoteMapUDPclient.get 
29-10-2022 21:47:40:080 udp_client [TRACE] : key: k4
29-10-2022 21:47:40:080 udp_client [TRACE] : server_address: localhost
29-10-2022 21:47:40:080 udp_client [TRACE] : server_port: 5836
29-10-2022 21:47:40:080 udp_client [TRACE] : [4] RemoteMap(k4): null
29-10-2022 21:47:40:080 udp_client [INFO] : map: {k1=null, k2=null, k3=null, k4=null}
