29-10-2022 22:07:09:992 udp_client [INFO] : inicio client
29-10-2022 22:07:12:726 udp_client [TRACE] : [1] Consulta de llaves k1 at localhost:5836
29-10-2022 22:07:12:726 udp_client [INFO] : inici RemoteMapUDPclient.get 
29-10-2022 22:07:12:726 udp_client [TRACE] : key: k1
29-10-2022 22:07:12:726 udp_client [TRACE] : server_address: localhost
29-10-2022 22:07:12:726 udp_client [TRACE] : server_port: 5836
29-10-2022 22:07:12:726 udp_client [TRACE] : [1] RemoteMap(k1): k1localhost5836
29-10-2022 22:07:12:726 udp_client [TRACE] : [2] Consulta de llaves k2 at localhost:5838
29-10-2022 22:07:12:726 udp_client [INFO] : inici RemoteMapUDPclient.get 
29-10-2022 22:07:12:726 udp_client [TRACE] : key: k2
29-10-2022 22:07:12:726 udp_client [TRACE] : server_address: localhost
29-10-2022 22:07:12:726 udp_client [TRACE] : server_port: 5838
29-10-2022 22:07:12:726 udp_client [TRACE] : [2] RemoteMap(k2): k2localhost5838
29-10-2022 22:07:12:726 udp_client [TRACE] : [3] Consulta de llaves k3 at localhost:5836
29-10-2022 22:07:12:726 udp_client [INFO] : inici RemoteMapUDPclient.get 
29-10-2022 22:07:12:727 udp_client [TRACE] : key: k3
29-10-2022 22:07:12:727 udp_client [TRACE] : server_address: localhost
29-10-2022 22:07:12:727 udp_client [TRACE] : server_port: 5836
29-10-2022 22:07:12:727 udp_client [TRACE] : [3] RemoteMap(k3): k3localhost5836
29-10-2022 22:07:12:727 udp_client [TRACE] : [4] Consulta de llaves k4 at localhost:5836
29-10-2022 22:07:12:727 udp_client [INFO] : inici RemoteMapUDPclient.get 
29-10-2022 22:07:12:727 udp_client [TRACE] : key: k4
29-10-2022 22:07:12:727 udp_client [TRACE] : server_address: localhost
29-10-2022 22:07:12:727 udp_client [TRACE] : server_port: 5836
29-10-2022 22:07:12:727 udp_client [TRACE] : [4] RemoteMap(k4): k4localhost5836
29-10-2022 22:07:12:727 udp_client [INFO] : map: {k1=null, k2=null, k3=null, k4=null}
